!      ---- Modo de Desenho da Barra ---
BU
!      ---- Tamanho da Fonte das Legendas ---
F 1
!      ---- Cores (Fundo - Identificador - Numero - Valor - Grid - Fluxo Ativo - Fluxo Reativo)---
RF 255 255 255
RI 128 0 128
RN 128 0 128
RV 0 0 255
RG 0 0 0
RA 0 0 255
RR 255 0 0
!      ---- Grupos Base de Tensão ----
!Ten  lar  R   G   B ID
!    ---- Componentes ----
!Numero Tipo Rot Hac Px Py Cor sl SubTp ch1 ch2 ch3 ch4 Descrip
C 28  1 257 0    -32    -96  0  0 -  1  0  0  0 17
C 29  1 257 0    176    -96  0  0 -  2  0  0  0 17
C 31  4 1 0   -112    -80  0  0 -  1  1  0  0 -120
C 32  4 3 0    256    -80  0  0 -  1  2  0  0 -120
!      ---- Linhas ----
!Numero Tipo hac sl De Para ch1 nsg segmentos
L30 14 0 0  28  29  1  1 25 
!     ---- Ligacoes ----
!Numero Flags cor Inic Coni Fin Conf Linhas nqb quebras
U25 0  0  28   2  29   2  30   0 
U26 0  0  31   1  28   2  -1   0 
U27 0  0  32   1  29   2  -1   0 
!    ---- Posição de Legenda de Componentes ----
!NumCompo Label Rot Px Py
X  28  0  1    -4.23   -17.89
X  28  1  1    -3.82    -5.00
X  28  2  1   -18.45    10.31
X  29  0  1    -1.12   -18.30
X  29  1  1    -3.61    -5.00
X  29  2  1   -15.34    11.56
X  31  1  1    16.55    -6.52
X  31  2  1    21.95    10.52
X  32  2  3   -16.49    10.52
!     ---- Posição de Legenda de Ligacoes ----
!Lado NumLig Label Px Py
YI  25  1    -2.66    -6.52
YI  25  2    -0.58    10.52
YF  25  2     6.87    10.93
